1616565763.798622 client started (64380): version 3.1c, socket /private/tmp/tmux-501/default, protocol 8
1616565763.798693 on Darwin 20.3.0 Darwin Kernel Version 20.3.0: Thu Jan 21 00:07:06 PST 2021; root:xnu-7195.81.3~1/RELEASE_X86_64; libevent 2.1.12-stable (select)
1616565763.798751 socket is /private/tmp/tmux-501/default
1616565763.798777 trying connect
1616565763.798879 add peer 0x7ff5c3d31000: 6 (0x0)
1616565763.800662 sending message 100 to peer 0x7ff5c3d31000 (4 bytes)
1616565763.800689 sending message 101 to peer 0x7ff5c3d31000 (15 bytes)
1616565763.800703 sending message 102 to peer 0x7ff5c3d31000 (13 bytes)
1616565763.800713 sending message 108 to peer 0x7ff5c3d31000 (40 bytes)
1616565763.800733 sending message 104 to peer 0x7ff5c3d31000 (0 bytes)
1616565763.800743 sending message 107 to peer 0x7ff5c3d31000 (4 bytes)
1616565763.800753 sending message 105 to peer 0x7ff5c3d31000 (26 bytes)
1616565763.800762 sending message 105 to peer 0x7ff5c3d31000 (20 bytes)
1616565763.800771 sending message 105 to peer 0x7ff5c3d31000 (17 bytes)
1616565763.800780 sending message 105 to peer 0x7ff5c3d31000 (14 bytes)
1616565763.800790 sending message 105 to peer 0x7ff5c3d31000 (54 bytes)
1616565763.800799 sending message 105 to peer 0x7ff5c3d31000 (7 bytes)
1616565763.800808 sending message 105 to peer 0x7ff5c3d31000 (34 bytes)
1616565763.800818 sending message 105 to peer 0x7ff5c3d31000 (66 bytes)
1616565763.800827 sending message 105 to peer 0x7ff5c3d31000 (12 bytes)
1616565763.800836 sending message 105 to peer 0x7ff5c3d31000 (44 bytes)
1616565763.800845 sending message 105 to peer 0x7ff5c3d31000 (21 bytes)
1616565763.800854 sending message 105 to peer 0x7ff5c3d31000 (78 bytes)
1616565763.800864 sending message 105 to peer 0x7ff5c3d31000 (54 bytes)
1616565763.800873 sending message 105 to peer 0x7ff5c3d31000 (31 bytes)
1616565763.800882 sending message 105 to peer 0x7ff5c3d31000 (33 bytes)
1616565763.800891 sending message 105 to peer 0x7ff5c3d31000 (22 bytes)
1616565763.800900 sending message 105 to peer 0x7ff5c3d31000 (25 bytes)
1616565763.800910 sending message 105 to peer 0x7ff5c3d31000 (1313 bytes)
1616565763.800919 sending message 105 to peer 0x7ff5c3d31000 (24 bytes)
1616565763.800928 sending message 105 to peer 0x7ff5c3d31000 (57 bytes)
1616565763.800938 sending message 105 to peer 0x7ff5c3d31000 (11 bytes)
1616565763.800947 sending message 105 to peer 0x7ff5c3d31000 (60 bytes)
1616565763.800956 sending message 105 to peer 0x7ff5c3d31000 (35 bytes)
1616565763.800965 sending message 105 to peer 0x7ff5c3d31000 (20 bytes)
1616565763.800974 sending message 105 to peer 0x7ff5c3d31000 (11 bytes)
1616565763.800984 sending message 105 to peer 0x7ff5c3d31000 (18 bytes)
1616565763.800993 sending message 105 to peer 0x7ff5c3d31000 (14 bytes)
1616565763.801002 sending message 105 to peer 0x7ff5c3d31000 (8 bytes)
1616565763.801011 sending message 105 to peer 0x7ff5c3d31000 (19 bytes)
1616565763.801024 sending message 105 to peer 0x7ff5c3d31000 (62 bytes)
1616565763.801034 sending message 105 to peer 0x7ff5c3d31000 (19 bytes)
1616565763.801043 sending message 105 to peer 0x7ff5c3d31000 (326 bytes)
1616565763.801053 sending message 105 to peer 0x7ff5c3d31000 (83 bytes)
1616565763.801062 sending message 105 to peer 0x7ff5c3d31000 (38 bytes)
1616565763.801071 sending message 105 to peer 0x7ff5c3d31000 (22 bytes)
1616565763.801080 sending message 105 to peer 0x7ff5c3d31000 (27 bytes)
1616565763.801089 sending message 106 to peer 0x7ff5c3d31000 (0 bytes)
1616565763.801101 sending message 200 to peer 0x7ff5c3d31000 (4 bytes)
1616565763.801111 client loop enter
1616565763.803905 peer 0x7ff5c3d31000 message 207
1616565763.803931 sending message 208 to peer 0x7ff5c3d31000 (0 bytes)
1616565770.953411 peer 0x7ff5c3d31000 message 203
1616565770.953450 sending message 205 to peer 0x7ff5c3d31000 (0 bytes)
1616565770.953869 peer 0x7ff5c3d31000 message 204
1616565770.953897 client loop exit
